<?xml version="1.0" encoding="UTF-8"?>
<!-- Generated by org.testng.reporters.JUnitReportReporter -->
<testsuite skipped="0" hostname="Matheus" name="compasso.livelo.HomePageTest" tests="1" failures="0" timestamp="2020-10-27T03:01:01 BRT" time="11.440" errors="0">
  <testcase name="pesquisarProdutoCorretamente" time="11.440" classname="compasso.livelo.HomePageTest"/>
  <system-out/>
</testsuite> <!-- compasso.livelo.HomePageTest -->
