<?xml version="1.0" encoding="UTF-8"?>
<!-- Generated by org.testng.reporters.JUnitReportReporter -->
<testsuite skipped="0" hostname="Matheus" name="compasso.livelo.TestRunner" tests="2" failures="0" timestamp="2020-10-28T15:40:57 BRT" time="94.471" errors="0">
  <testcase name="runScenario" time="45.945" classname="compasso.livelo.TestRunner"/>
  <system-out/>
  <testcase name="runScenario" time="48.526" classname="compasso.livelo.TestRunner"/>
  <system-out/>
</testsuite> <!-- compasso.livelo.TestRunner -->
