<?xml version="1.0" encoding="UTF-8"?>
<!-- Generated by org.testng.reporters.JUnitReportReporter -->
<testsuite skipped="0" hostname="Matheus" name="compasso.livelo.TestRunner" tests="2" failures="0" timestamp="2020-10-28T16:41:21 BRT" time="72.137" errors="0">
  <testcase name="runScenario" time="31.765" classname="compasso.livelo.TestRunner"/>
  <system-out/>
  <testcase name="runScenario" time="40.372" classname="compasso.livelo.TestRunner"/>
  <system-out/>
</testsuite> <!-- compasso.livelo.TestRunner -->
