<?xml version="1.0" encoding="UTF-8"?>
<!-- Generated by org.testng.reporters.JUnitReportReporter -->
<testsuite skipped="0" hostname="Matheus" name="compasso.livelo.TestRunner" tests="1" failures="0" timestamp="2020-10-27T21:48:10 BRT" time="42.778" errors="0">
  <testcase name="runScenario" time="42.778" classname="compasso.livelo.TestRunner"/>
  <system-out/>
</testsuite> <!-- compasso.livelo.TestRunner -->
